<?xml version="1.0" encoding="UTF-8"?>
<testng-results ignored="0" total="4" passed="4" failed="0" skipped="0">
  <reporter-output>
    <line>
      <![CDATA[Profile update module is initiated]]>
    </line>
    <line>
      <![CDATA[Resume got deleted]]>
    </line>
    <line>
      <![CDATA[Updated latest Resume]]>
    </line>
  </reporter-output>
  <suite started-at="2025-04-04T14:27:18 IST" name="Suite" finished-at="2025-04-04T14:28:52 IST" duration-ms="93829">
    <groups>
    </groups>
    <test started-at="2025-04-04T14:27:18 IST" name="Test" finished-at="2025-04-04T14:28:52 IST" duration-ms="93829">
      <class name="test.skillUpdateTest">
        <test-method is-config="true" signature="setup()[pri:0, instance:test.skillUpdateTest@3b5fad2d]" started-at="2025-04-04T14:28:39 IST" name="setup" finished-at="2025-04-04T14:28:43 IST" duration-ms="3650" status="PASS">
          <reporter-output>
          </reporter-output>
        </test-method> <!-- setup -->
        <test-method signature="skillUpdationTest()[pri:3, instance:test.skillUpdateTest@3b5fad2d]" started-at="2025-04-04T14:28:43 IST" name="skillUpdationTest" description="Verify the functionality by removing and adding the any skill in the Skills Section" finished-at="2025-04-04T14:28:51 IST" duration-ms="8229" status="PASS">
          <reporter-output>
          </reporter-output>
        </test-method> <!-- skillUpdationTest -->
        <test-method is-config="true" signature="teardown()[pri:0, instance:test.skillUpdateTest@3b5fad2d]" started-at="2025-04-04T14:28:52 IST" name="teardown" finished-at="2025-04-04T14:28:52 IST" duration-ms="141" status="PASS">
          <reporter-output>
          </reporter-output>
        </test-method> <!-- teardown -->
      </class> <!-- test.skillUpdateTest -->
      <class name="test.ResumeHeadlineTest">
        <test-method is-config="true" signature="setup()[pri:0, instance:test.ResumeHeadlineTest@6531a794]" started-at="2025-04-04T14:28:26 IST" name="setup" finished-at="2025-04-04T14:28:30 IST" duration-ms="4456" status="PASS">
          <reporter-output>
          </reporter-output>
        </test-method> <!-- setup -->
        <test-method signature="resumeHeadlineTest()[pri:4, instance:test.ResumeHeadlineTest@6531a794]" started-at="2025-04-04T14:28:30 IST" name="resumeHeadlineTest" description="Verify the functionality by removing and adding the resume headline text" finished-at="2025-04-04T14:28:39 IST" duration-ms="8285" status="PASS">
          <reporter-output>
          </reporter-output>
        </test-method> <!-- resumeHeadlineTest -->
        <test-method is-config="true" signature="teardown()[pri:0, instance:test.ResumeHeadlineTest@6531a794]" started-at="2025-04-04T14:28:39 IST" name="teardown" finished-at="2025-04-04T14:28:39 IST" duration-ms="153" status="PASS">
          <reporter-output>
          </reporter-output>
        </test-method> <!-- teardown -->
      </class> <!-- test.ResumeHeadlineTest -->
      <class name="test.LoginTest">
        <test-method is-config="true" signature="setup()[pri:0, instance:test.LoginTest@19976a65]" started-at="2025-04-04T14:27:18 IST" name="setup" finished-at="2025-04-04T14:27:50 IST" duration-ms="32104" status="PASS">
          <reporter-output>
          </reporter-output>
        </test-method> <!-- setup -->
        <test-method signature="validLogin()[pri:1, instance:test.LoginTest@19976a65]" started-at="2025-04-04T14:27:50 IST" name="validLogin" description="Verify the functionality by giving valid username and password" finished-at="2025-04-04T14:27:55 IST" duration-ms="4722" status="PASS">
          <reporter-output>
          </reporter-output>
        </test-method> <!-- validLogin -->
        <test-method is-config="true" signature="teardown()[pri:0, instance:test.LoginTest@19976a65]" started-at="2025-04-04T14:27:56 IST" name="teardown" finished-at="2025-04-04T14:27:56 IST" duration-ms="199" status="PASS">
          <reporter-output>
          </reporter-output>
        </test-method> <!-- teardown -->
      </class> <!-- test.LoginTest -->
      <class name="test.ProfileUpdationTest">
        <test-method is-config="true" signature="setup()[pri:0, instance:test.ProfileUpdationTest@2dc9b0f5]" started-at="2025-04-04T14:27:56 IST" name="setup" finished-at="2025-04-04T14:28:01 IST" duration-ms="4837" status="PASS">
          <reporter-output>
          </reporter-output>
        </test-method> <!-- setup -->
        <test-method signature="profileUpdate()[pri:2, instance:test.ProfileUpdationTest@2dc9b0f5]" started-at="2025-04-04T14:28:01 IST" name="profileUpdate" description="Verify the functionality by adding and removing the resume file in Profile section" finished-at="2025-04-04T14:28:25 IST" duration-ms="24303" status="PASS">
          <reporter-output>
            <line>
              <![CDATA[Profile update module is initiated]]>
            </line>
            <line>
              <![CDATA[Resume got deleted]]>
            </line>
            <line>
              <![CDATA[Updated latest Resume]]>
            </line>
          </reporter-output>
        </test-method> <!-- profileUpdate -->
        <test-method is-config="true" signature="teardown()[pri:0, instance:test.ProfileUpdationTest@2dc9b0f5]" started-at="2025-04-04T14:28:26 IST" name="teardown" finished-at="2025-04-04T14:28:26 IST" duration-ms="165" status="PASS">
          <reporter-output>
          </reporter-output>
        </test-method> <!-- teardown -->
      </class> <!-- test.ProfileUpdationTest -->
    </test> <!-- Test -->
  </suite> <!-- Suite -->
</testng-results>
