<?xml version="1.0" encoding="UTF-8"?>
<!-- Generated by org.testng.reporters.JUnitXMLReporter -->
<testsuite ignored="2" hostname="BHARATH" failures="0" tests="4" name="Test" time="66.189" errors="0" timestamp="2025-04-04T15:22:26 IST">
  <testcase classname="test.LoginTest" name="validLogin" time="3.831"/>
  <testcase classname="test.ProfileUpdationTest" name="profileUpdate" time="21.469"/>
  <testcase classname="test.ResumeHeadlineTest" name="resumeHeadlineTest" time="7.212"/>
  <testcase classname="test.skillUpdateTest" name="skillUpdationTest" time="7.465"/>
  <testcase classname="test.LoginTest" name="invalidUsernameVPassword" time="0.0">
    <ignored/>
  </testcase> <!-- invalidUsernameVPassword -->
  <testcase classname="test.LoginTest" name="userNameInvalidPassword" time="0.0">
    <ignored/>
  </testcase> <!-- userNameInvalidPassword -->
</testsuite> <!-- Test -->
